mode: atomic
github.com/mach-composer/mach-composer-plugin-commercetools/internal/config.go:27.36,28.35 1 3
github.com/mach-composer/mach-composer-plugin-commercetools/internal/config.go:31.2,31.34 1 3
github.com/mach-composer/mach-composer-plugin-commercetools/internal/config.go:34.2,34.23 1 3
github.com/mach-composer/mach-composer-plugin-commercetools/internal/config.go:38.2,38.36 1 3
github.com/mach-composer/mach-composer-plugin-commercetools/internal/config.go:28.35,30.3 1 0
github.com/mach-composer/mach-composer-plugin-commercetools/internal/config.go:31.34,33.3 1 0
github.com/mach-composer/mach-composer-plugin-commercetools/internal/config.go:34.23,37.3 2 0
github.com/mach-composer/mach-composer-plugin-commercetools/internal/config.go:38.36,40.3 1 0
github.com/mach-composer/mach-composer-plugin-commercetools/internal/config.go:44.59,47.33 2 7
github.com/mach-composer/mach-composer-plugin-commercetools/internal/config.go:52.2,52.16 1 7
github.com/mach-composer/mach-composer-plugin-commercetools/internal/config.go:47.33,48.45 1 6
github.com/mach-composer/mach-composer-plugin-commercetools/internal/config.go:48.45,50.4 1 2
github.com/mach-composer/mach-composer-plugin-commercetools/internal/config.go:55.75,57.9 2 0
github.com/mach-composer/mach-composer-plugin-commercetools/internal/config.go:60.2,60.20 1 0
github.com/mach-composer/mach-composer-plugin-commercetools/internal/config.go:57.9,59.3 1 0
github.com/mach-composer/mach-composer-plugin-commercetools/internal/config.go:83.55,84.44 1 6
github.com/mach-composer/mach-composer-plugin-commercetools/internal/config.go:84.44,94.3 1 3
github.com/mach-composer/mach-composer-plugin-commercetools/internal/plugin.go:20.57,43.2 2 0
github.com/mach-composer/mach-composer-plugin-commercetools/internal/plugin.go:45.71,47.20 2 0
github.com/mach-composer/mach-composer-plugin-commercetools/internal/plugin.go:50.2,50.12 1 0
github.com/mach-composer/mach-composer-plugin-commercetools/internal/plugin.go:47.20,49.3 1 0
github.com/mach-composer/mach-composer-plugin-commercetools/internal/plugin.go:53.35,55.2 1 0
github.com/mach-composer/mach-composer-plugin-commercetools/internal/plugin.go:57.74,60.2 2 0
github.com/mach-composer/mach-composer-plugin-commercetools/internal/plugin.go:62.72,63.20 1 0
github.com/mach-composer/mach-composer-plugin-commercetools/internal/plugin.go:67.2,70.56 2 0
github.com/mach-composer/mach-composer-plugin-commercetools/internal/plugin.go:74.2,74.25 1 0
github.com/mach-composer/mach-composer-plugin-commercetools/internal/plugin.go:80.2,80.43 1 0
github.com/mach-composer/mach-composer-plugin-commercetools/internal/plugin.go:83.2,84.12 2 0
github.com/mach-composer/mach-composer-plugin-commercetools/internal/plugin.go:63.20,65.3 1 0
github.com/mach-composer/mach-composer-plugin-commercetools/internal/plugin.go:70.56,72.3 1 0
github.com/mach-composer/mach-composer-plugin-commercetools/internal/plugin.go:74.25,78.3 1 0
github.com/mach-composer/mach-composer-plugin-commercetools/internal/plugin.go:80.43,82.3 1 0
github.com/mach-composer/mach-composer-plugin-commercetools/internal/plugin.go:87.99,89.23 2 0
github.com/mach-composer/mach-composer-plugin-commercetools/internal/plugin.go:93.2,94.56 2 0
github.com/mach-composer/mach-composer-plugin-commercetools/internal/plugin.go:97.2,99.12 2 0
github.com/mach-composer/mach-composer-plugin-commercetools/internal/plugin.go:89.23,91.3 1 0
github.com/mach-composer/mach-composer-plugin-commercetools/internal/plugin.go:94.56,96.3 1 0
github.com/mach-composer/mach-composer-plugin-commercetools/internal/plugin.go:102.72,104.16 2 0
github.com/mach-composer/mach-composer-plugin-commercetools/internal/plugin.go:108.2,114.20 2 0
github.com/mach-composer/mach-composer-plugin-commercetools/internal/plugin.go:104.16,106.3 1 0
github.com/mach-composer/mach-composer-plugin-commercetools/internal/plugin.go:117.72,119.16 2 0
github.com/mach-composer/mach-composer-plugin-commercetools/internal/plugin.go:123.2,124.16 2 0
github.com/mach-composer/mach-composer-plugin-commercetools/internal/plugin.go:128.2,128.21 1 0
github.com/mach-composer/mach-composer-plugin-commercetools/internal/plugin.go:119.16,121.3 1 0
github.com/mach-composer/mach-composer-plugin-commercetools/internal/plugin.go:124.16,126.3 1 0
github.com/mach-composer/mach-composer-plugin-commercetools/internal/plugin.go:131.107,133.16 2 0
github.com/mach-composer/mach-composer-plugin-commercetools/internal/plugin.go:136.2,139.16 3 0
github.com/mach-composer/mach-composer-plugin-commercetools/internal/plugin.go:143.2,147.20 2 0
github.com/mach-composer/mach-composer-plugin-commercetools/internal/plugin.go:133.16,135.3 1 0
github.com/mach-composer/mach-composer-plugin-commercetools/internal/plugin.go:139.16,141.3 1 0
github.com/mach-composer/mach-composer-plugin-commercetools/internal/plugin.go:150.57,152.9 2 0
github.com/mach-composer/mach-composer-plugin-commercetools/internal/plugin.go:155.2,155.12 1 0
github.com/mach-composer/mach-composer-plugin-commercetools/internal/plugin.go:152.9,154.3 1 0
github.com/mach-composer/mach-composer-plugin-commercetools/internal/plugin.go:158.99,190.2 3 1
github.com/mach-composer/mach-composer-plugin-commercetools/internal/renderer.go:17.71,22.36 1 4
github.com/mach-composer/mach-composer-plugin-commercetools/internal/renderer.go:25.2,25.16 1 4
github.com/mach-composer/mach-composer-plugin-commercetools/internal/renderer.go:29.2,38.58 3 4
github.com/mach-composer/mach-composer-plugin-commercetools/internal/renderer.go:41.2,41.30 1 4
github.com/mach-composer/mach-composer-plugin-commercetools/internal/renderer.go:22.36,22.47 1 6
github.com/mach-composer/mach-composer-plugin-commercetools/internal/renderer.go:25.16,27.3 1 0
github.com/mach-composer/mach-composer-plugin-commercetools/internal/renderer.go:38.58,40.3 1 0
github.com/mach-composer/mach-composer-plugin-commercetools/internal/renderer.go:53.78,55.31 2 3
github.com/mach-composer/mach-composer-plugin-commercetools/internal/renderer.go:63.2,64.15 2 3
github.com/mach-composer/mach-composer-plugin-commercetools/internal/renderer.go:55.31,58.68 2 14
github.com/mach-composer/mach-composer-plugin-commercetools/internal/renderer.go:58.68,60.4 1 4
github.com/mach-composer/mach-composer-plugin-commercetools/internal/schema.go:13.43,19.2 4 0
github.com/mach-composer/mach-composer-plugin-commercetools/internal/schema.go:21.47,23.16 2 0
github.com/mach-composer/mach-composer-plugin-commercetools/internal/schema.go:26.2,26.50 1 0
github.com/mach-composer/mach-composer-plugin-commercetools/internal/schema.go:23.16,24.13 1 0
github.com/mach-composer/mach-composer-plugin-commercetools/internal/schema.go:26.50,27.13 1 0
